<?xml version="1.0" encoding="UTF-8"?>
<!-- Generated by org.testng.reporters.JUnitXMLReporter -->
<testsuite hostname="HackBox" ignored="1" name="Test" tests="2" failures="0" timestamp="17 Aug 2021 14:36:11 GMT" time="14.032" errors="0">
  <testcase name="tc1" time="4.185" classname="org.testNg.Q11"/>
  <testcase name="tc3" time="1.413" classname="org.testNg.Q11"/>
  <testcase name="tc2" time="0.0" classname="org.testNg.Q11">
    <ignored/>
  </testcase> <!-- tc2 -->
</testsuite> <!-- Test -->
