<?xml version="1.0" encoding="UTF-8"?>
<testng-results skipped="0" failed="0" ignored="1" total="3" passed="2">
  <reporter-output>
  </reporter-output>
  <suite name="Suite" duration-ms="14032" started-at="2021-08-17T14:35:57Z" finished-at="2021-08-17T14:36:11Z">
    <groups>
      <group name="pepper">
        <method signature="Q11.tc1()[pri:0, instance:org.testNg.Q11@548e7350]" name="tc1" class="org.testNg.Q11"/>
        <method signature="Q11.tc3()[pri:0, instance:org.testNg.Q11@548e7350]" name="tc3" class="org.testNg.Q11"/>
      </group> <!-- pepper -->
    </groups>
    <test name="Test" duration-ms="14032" started-at="2021-08-17T14:35:57Z" finished-at="2021-08-17T14:36:11Z">
      <class name="org.testNg.Q11">
        <test-method status="PASS" signature="openbrw()[pri:0, instance:org.testNg.Q11@548e7350]" name="openbrw" is-config="true" duration-ms="4129" started-at="2021-08-17T14:35:57Z" finished-at="2021-08-17T14:36:01Z">
          <reporter-output>
          </reporter-output>
        </test-method> <!-- openbrw -->
        <test-method status="PASS" signature="startTime()[pri:0, instance:org.testNg.Q11@548e7350]" name="startTime" is-config="true" duration-ms="8" started-at="2021-08-17T14:36:01Z" finished-at="2021-08-17T14:36:01Z">
          <reporter-output>
          </reporter-output>
        </test-method> <!-- startTime -->
        <test-method status="PASS" signature="tc1()[pri:0, instance:org.testNg.Q11@548e7350]" name="tc1" duration-ms="4185" started-at="2021-08-17T14:36:01Z" finished-at="2021-08-17T14:36:05Z">
          <reporter-output>
          </reporter-output>
        </test-method> <!-- tc1 -->
        <test-method status="PASS" signature="endTime()[pri:0, instance:org.testNg.Q11@548e7350]" name="endTime" is-config="true" duration-ms="3" started-at="2021-08-17T14:36:05Z" finished-at="2021-08-17T14:36:05Z">
          <reporter-output>
          </reporter-output>
        </test-method> <!-- endTime -->
        <test-method status="PASS" signature="startTime()[pri:0, instance:org.testNg.Q11@548e7350]" name="startTime" is-config="true" duration-ms="1" started-at="2021-08-17T14:36:05Z" finished-at="2021-08-17T14:36:05Z">
          <reporter-output>
          </reporter-output>
        </test-method> <!-- startTime -->
        <test-method status="PASS" signature="tc3()[pri:0, instance:org.testNg.Q11@548e7350]" name="tc3" duration-ms="1413" started-at="2021-08-17T14:36:05Z" finished-at="2021-08-17T14:36:07Z">
          <reporter-output>
          </reporter-output>
        </test-method> <!-- tc3 -->
        <test-method status="PASS" signature="closebrw()[pri:0, instance:org.testNg.Q11@548e7350]" name="closebrw" is-config="true" duration-ms="4237" started-at="2021-08-17T14:36:07Z" finished-at="2021-08-17T14:36:11Z">
          <reporter-output>
          </reporter-output>
        </test-method> <!-- closebrw -->
        <test-method status="PASS" signature="endTime()[pri:0, instance:org.testNg.Q11@548e7350]" name="endTime" is-config="true" duration-ms="0" started-at="2021-08-17T14:36:07Z" finished-at="2021-08-17T14:36:07Z">
          <reporter-output>
          </reporter-output>
        </test-method> <!-- endTime -->
      </class> <!-- org.testNg.Q11 -->
    </test> <!-- Test -->
  </suite> <!-- Suite -->
</testng-results>
